<?xml version="1.0" encoding="utf-8"?><testsuites name="pytest tests"><testsuite name="pytest" errors="0" failures="0" skipped="0" tests="17" time="5.019" timestamp="2026-05-02T20:42:07.883203+00:00" hostname="agent-env-ce2f1b43-3007-48b7-ac6b-527fdbca1a9e"><testcase classname="backend.tests.test_ecoride" name="test_health" time="0.134" /><testcase classname="backend.tests.test_ecoride.TestAuth" name="test_login_seed_driver" time="0.341" /><testcase classname="backend.tests.test_ecoride.TestAuth" name="test_login_seed_passenger" time="0.331" /><testcase classname="backend.tests.test_ecoride.TestAuth" name="test_login_invalid" time="0.342" /><testcase classname="backend.tests.test_ecoride.TestAuth" name="test_me_with_token" time="0.463" /><testcase classname="backend.tests.test_ecoride.TestAuth" name="test_me_no_token" time="0.116" /><testcase classname="backend.tests.test_ecoride.TestAuth" name="test_register_and_login_new_user" time="0.601" /><testcase classname="backend.tests.test_ecoride.TestRides" name="test_list_rides_seeded" time="0.149" /><testcase classname="backend.tests.test_ecoride.TestRides" name="test_get_ride_detail" time="0.233" /><testcase classname="backend.tests.test_ecoride.TestRides" name="test_get_ride_404" time="0.149" /><testcase classname="backend.tests.test_ecoride.TestRides" name="test_search_rides_by_origin" time="0.106" /><testcase classname="backend.tests.test_ecoride.TestRides" name="test_book_ride_persists_and_decrements_seats" time="0.700" /><testcase classname="backend.tests.test_ecoride.TestSustainability" name="test_sustainability_me_shape" time="0.111" /><testcase classname="backend.tests.test_ecoride.TestSustainability" name="test_sustainability_unauth" time="0.248" /><testcase classname="backend.tests.test_ecoride.TestChats" name="test_chats_after_booking" time="0.134" /><testcase classname="backend.tests.test_ecoride.TestChats" name="test_post_and_get_messages" time="0.316" /><testcase classname="backend.tests.test_ecoride.TestWebSocket" name="test_ws_broadcasts_rest_post" time="0.451" /></testsuite></testsuites>