<?xml version="1.0" encoding="utf-8"?><testsuites name="pytest tests"><testsuite name="pytest" errors="0" failures="0" skipped="0" tests="21" time="5.600" timestamp="2026-05-02T21:16:05.990904+00:00" hostname="agent-env-ce2f1b43-3007-48b7-ac6b-527fdbca1a9e"><testcase classname="tests.test_ecoride" name="test_health" time="0.138" /><testcase classname="tests.test_ecoride.TestAuth" name="test_login_seed_driver" time="0.352" /><testcase classname="tests.test_ecoride.TestAuth" name="test_login_seed_passenger" time="0.332" /><testcase classname="tests.test_ecoride.TestAuth" name="test_login_invalid" time="0.352" /><testcase classname="tests.test_ecoride.TestAuth" name="test_me_with_token" time="0.442" /><testcase classname="tests.test_ecoride.TestAuth" name="test_me_no_token" time="0.139" /><testcase classname="tests.test_ecoride.TestAuth" name="test_register_and_login_new_user" time="0.533" /><testcase classname="tests.test_ecoride.TestRides" name="test_list_rides_seeded" time="0.163" /><testcase classname="tests.test_ecoride.TestRides" name="test_get_ride_detail" time="0.234" /><testcase classname="tests.test_ecoride.TestRides" name="test_get_ride_404" time="0.104" /><testcase classname="tests.test_ecoride.TestRides" name="test_search_rides_by_origin" time="0.116" /><testcase classname="tests.test_ecoride.TestRides" name="test_book_ride_persists_and_decrements_seats" time="0.680" /><testcase classname="tests.test_ecoride.TestMyRides" name="test_my_rides_unauth" time="0.105" /><testcase classname="tests.test_ecoride.TestMyRides" name="test_my_rides_driver_shape" time="0.116" /><testcase classname="tests.test_ecoride.TestMyRides" name="test_my_rides_passenger_after_booking" time="0.340" /><testcase classname="tests.test_ecoride.TestMyRides" name="test_my_rides_route_does_not_404_collide" time="0.212" /><testcase classname="tests.test_ecoride.TestSustainability" name="test_sustainability_me_shape" time="0.104" /><testcase classname="tests.test_ecoride.TestSustainability" name="test_sustainability_unauth" time="0.103" /><testcase classname="tests.test_ecoride.TestChats" name="test_chats_after_booking" time="0.110" /><testcase classname="tests.test_ecoride.TestChats" name="test_post_and_get_messages" time="0.344" /><testcase classname="tests.test_ecoride.TestWebSocket" name="test_ws_broadcasts_rest_post" time="0.480" /></testsuite></testsuites>